# JRE version: 7.0_25-b16
# Java VM: Java HotSpot(TM) 64-Bit Server VM (23.25-b01 mixed mode windows-amd64 compressed oops)
Heap
 PSYoungGen      total 262272K, used 38608K [0x00000007d66b0000, 0x00000007e6f30000, 0x0000000800000000)
  eden space 254848K, 15% used [0x00000007d66b0000,0x00000007d8c34180,0x00000007e5f90000)
  from space 7424K, 2% used [0x00000007e6730000,0x00000007e6760000,0x00000007e6e70000)
  to   space 7808K, 0% used [0x00000007e5f90000,0x00000007e5f90000,0x00000007e6730000)
 ParOldGen       total 85120K, used 6280K [0x0000000783400000, 0x0000000788720000, 0x00000007d66b0000)
  object space 85120K, 7% used [0x0000000783400000,0x0000000783a220a0,0x0000000788720000)
 PSPermGen       total 21248K, used 2854K [0x000000077e200000, 0x000000077f6c0000, 0x0000000783400000)
  object space 21248K, 13% used [0x000000077e200000,0x000000077e4c9be0,0x000000077f6c0000)
GC Heap History (10 events):
Event: 4.003 GC heap before
{Heap before GC invocations=4 (full 0):
 PSYoungGen      total 37248K, used 36365K [0x00000007d66b0000, 0x00000007daf70000, 0x0000000800000000)
  eden space 31936K, 100% used [0x00000007d66b0000,0x00000007d85e0000,0x00000007d85e0000)
  from space 5312K, 83% used [0x00000007d85e0000,0x00000007d8a33630,0x00000007d8b10000)
  to   space 5312K, 0% used [0x00000007daa40000,0x00000007daa40000,0x00000007daf70000)
 ParOldGen       total 85120K, used 16K [0x0000000783400000, 0x0000000788720000, 0x00000007d66b0000)
  object space 85120K, 0% used [0x0000000783400000,0x0000000783404000,0x0000000788720000)
 PSPermGen       total 21248K, used 2725K [0x000000077e200000, 0x000000077f6c0000, 0x0000000783400000)
  object space 21248K, 12% used [0x000000077e200000,0x000000077e4a9648,0x000000077f6c0000)
Event: 4.026 GC heap after
Heap after GC invocations=4 (full 0):
 PSYoungGen      total 69184K, used 5286K [0x00000007d66b0000, 0x00000007daf70000, 0x0000000800000000)
  eden space 63872K, 0% used [0x00000007d66b0000,0x00000007d66b0000,0x00000007da510000)
  from space 5312K, 99% used [0x00000007daa40000,0x00000007daf69b60,0x00000007daf70000)
  to   space 5312K, 0% used [0x00000007da510000,0x00000007da510000,0x00000007daa40000)
 ParOldGen       total 85120K, used 976K [0x0000000783400000, 0x0000000788720000, 0x00000007d66b0000)
  object space 85120K, 1% used [0x0000000783400000,0x00000007834f4000,0x0000000788720000)
 PSPermGen       total 21248K, used 2725K [0x000000077e200000, 0x000000077f6c0000, 0x0000000783400000)
  object space 21248K, 12% used [0x000000077e200000,0x000000077e4a9648,0x000000077f6c0000)
}
Event: 4.101 GC heap before
{Heap before GC invocations=5 (full 0):
 PSYoungGen      total 69184K, used 69158K [0x00000007d66b0000, 0x00000007daf70000, 0x0000000800000000)
  eden space 63872K, 100% used [0x00000007d66b0000,0x00000007da510000,0x00000007da510000)
  from space 5312K, 99% used [0x00000007daa40000,0x00000007daf69b60,0x00000007daf70000)
  to   space 5312K, 0% used [0x00000007da510000,0x00000007da510000,0x00000007daa40000)
 ParOldGen       total 85120K, used 976K [0x0000000783400000, 0x0000000788720000, 0x00000007d66b0000)
  object space 85120K, 1% used [0x0000000783400000,0x00000007834f4000,0x0000000788720000)
 PSPermGen       total 21248K, used 2748K [0x000000077e200000, 0x000000077f6c0000, 0x0000000783400000)
  object space 21248K, 12% used [0x000000077e200000,0x000000077e4af210,0x000000077f6c0000)
Event: 4.105 GC heap after
Heap after GC invocations=5 (full 0):
 PSYoungGen      total 69184K, used 5286K [0x00000007d66b0000, 0x00000007df230000, 0x0000000800000000)
  eden space 63872K, 0% used [0x00000007d66b0000,0x00000007d66b0000,0x00000007da510000)
  from space 5312K, 99% used [0x00000007da510000,0x00000007daa39b60,0x00000007daa40000)
  to   space 7552K, 0% used [0x00000007dead0000,0x00000007dead0000,0x00000007df230000)
 ParOldGen       total 85120K, used 1016K [0x0000000783400000, 0x0000000788720000, 0x00000007d66b0000)
  object space 85120K, 1% used [0x0000000783400000,0x00000007834fe000,0x0000000788720000)
 PSPermGen       total 21248K, used 2748K [0x000000077e200000, 0x000000077f6c0000, 0x0000000783400000)
  object space 21248K, 12% used [0x000000077e200000,0x000000077e4af210,0x000000077f6c0000)
}
Event: 4.155 GC heap before
{Heap before GC invocations=6 (full 0):
 PSYoungGen      total 69184K, used 69158K [0x00000007d66b0000, 0x00000007df230000, 0x0000000800000000)
  eden space 63872K, 100% used [0x00000007d66b0000,0x00000007da510000,0x00000007da510000)
  from space 5312K, 99% used [0x00000007da510000,0x00000007daa39b60,0x00000007daa40000)
  to   space 7552K, 0% used [0x00000007dead0000,0x00000007dead0000,0x00000007df230000)
 ParOldGen       total 85120K, used 1016K [0x0000000783400000, 0x0000000788720000, 0x00000007d66b0000)
  object space 85120K, 1% used [0x0000000783400000,0x00000007834fe000,0x0000000788720000)
 PSPermGen       total 21248K, used 2750K [0x000000077e200000, 0x000000077f6c0000, 0x0000000783400000)
  object space 21248K, 12% used [0x000000077e200000,0x000000077e4af8a8,0x000000077f6c0000)
Event: 4.159 GC heap after
Heap after GC invocations=6 (full 0):
 PSYoungGen      total 135168K, used 5350K [0x00000007d66b0000, 0x00000007df270000, 0x0000000800000000)
  eden space 127616K, 0% used [0x00000007d66b0000,0x00000007d66b0000,0x00000007de350000)
  from space 7552K, 70% used [0x00000007dead0000,0x00000007df009b60,0x00000007df230000)
  to   space 7680K, 0% used [0x00000007de350000,0x00000007de350000,0x00000007dead0000)
 ParOldGen       total 85120K, used 1024K [0x0000000783400000, 0x0000000788720000, 0x00000007d66b0000)
  object space 85120K, 1% used [0x0000000783400000,0x0000000783500000,0x0000000788720000)
 PSPermGen       total 21248K, used 2750K [0x000000077e200000, 0x000000077f6c0000, 0x0000000783400000)
  object space 21248K, 12% used [0x000000077e200000,0x000000077e4af8a8,0x000000077f6c0000)
}
Event: 4.272 GC heap before
{Heap before GC invocations=7 (full 0):
 PSYoungGen      total 135168K, used 132966K [0x00000007d66b0000, 0x00000007df270000, 0x0000000800000000)
  eden space 127616K, 100% used [0x00000007d66b0000,0x00000007de350000,0x00000007de350000)
  from space 7552K, 70% used [0x00000007dead0000,0x00000007df009b60,0x00000007df230000)
  to   space 7680K, 0% used [0x00000007de350000,0x00000007de350000,0x00000007dead0000)
 ParOldGen       total 85120K, used 1024K [0x0000000783400000, 0x0000000788720000, 0x00000007d66b0000)
  object space 85120K, 1% used [0x0000000783400000,0x0000000783500000,0x0000000788720000)
 PSPermGen       total 21248K, used 2754K [0x000000077e200000, 0x000000077f6c0000, 0x0000000783400000)
  object space 21248K, 12% used [0x000000077e200000,0x000000077e4b0bd0,0x000000077f6c0000)
Event: 4.279 GC heap after
Heap after GC invocations=7 (full 0):
 PSYoungGen      total 135296K, used 3353K [0x00000007d66b0000, 0x00000007e6e70000, 0x0000000800000000)
  eden space 127616K, 0% used [0x00000007d66b0000,0x00000007d66b0000,0x00000007de350000)
  from space 7680K, 43% used [0x00000007de350000,0x00000007de696530,0x00000007dead0000)
  to   space 7424K, 0% used [0x00000007e6730000,0x00000007e6730000,0x00000007e6e70000)
 ParOldGen       total 85120K, used 3033K [0x0000000783400000, 0x0000000788720000, 0x00000007d66b0000)
  object space 85120K, 3% used [0x0000000783400000,0x00000007836f66c0,0x0000000788720000)
 PSPermGen       total 21248K, used 2754K [0x000000077e200000, 0x000000077f6c0000, 0x0000000783400000)
  object space 21248K, 12% used [0x000000077e200000,0x000000077e4b0bd0,0x000000077f6c0000)
}
Event: 4.366 GC heap before
{Heap before GC invocations=8 (full 0):
 PSYoungGen      total 135296K, used 130969K [0x00000007d66b0000, 0x00000007e6e70000, 0x0000000800000000)
  eden space 127616K, 100% used [0x00000007d66b0000,0x00000007de350000,0x00000007de350000)
  from space 7680K, 43% used [0x00000007de350000,0x00000007de696530,0x00000007dead0000)
  to   space 7424K, 0% used [0x00000007e6730000,0x00000007e6730000,0x00000007e6e70000)
 ParOldGen       total 85120K, used 3033K [0x0000000783400000, 0x0000000788720000, 0x00000007d66b0000)
  object space 85120K, 3% used [0x0000000783400000,0x00000007836f66c0,0x0000000788720000)
 PSPermGen       total 21248K, used 2762K [0x000000077e200000, 0x000000077f6c0000, 0x0000000783400000)
  object space 21248K, 13% used [0x000000077e200000,0x000000077e4b2ab0,0x000000077f6c0000)
Event: 4.370 GC heap after
Heap after GC invocations=8 (full 0):
 PSYoungGen      total 262272K, used 192K [0x00000007d66b0000, 0x00000007e6f30000, 0x0000000800000000)
  eden space 254848K, 0% used [0x00000007d66b0000,0x00000007d66b0000,0x00000007e5f90000)
  from space 7424K, 2% used [0x00000007e6730000,0x00000007e6760000,0x00000007e6e70000)
  to   space 7808K, 0% used [0x00000007e5f90000,0x00000007e5f90000,0x00000007e6730000)
 ParOldGen       total 85120K, used 6280K [0x0000000783400000, 0x0000000788720000, 0x00000007d66b0000)
  object space 85120K, 7% used [0x0000000783400000,0x0000000783a220a0,0x0000000788720000)
 PSPermGen       total 21248K, used 2762K [0x000000077e200000, 0x000000077f6c0000, 0x0000000783400000)
  object space 21248K, 13% used [0x000000077e200000,0x000000077e4b2ab0,0x000000077f6c0000)
}

